c:\users\calvin\documents\irlicht_projects\irrlicht-1.8.1\irrlicht-1.8.1\source\irrlicht\obj\debug\vc120.pdb
c:\users\calvin\documents\irlicht_projects\irrlicht-1.8.1\irrlicht-1.8.1\source\irrlicht\obj\debug\cirrmeshfileloader.obj
c:\users\calvin\documents\irlicht_projects\irrlicht-1.8.1\irrlicht-1.8.1\source\irrlicht\obj\debug\cdmfloader.obj
c:\users\calvin\documents\irlicht_projects\irrlicht-1.8.1\irrlicht-1.8.1\source\irrlicht\obj\debug\ccsmloader.obj
c:\users\calvin\documents\irlicht_projects\irrlicht-1.8.1\irrlicht-1.8.1\source\irrlicht\obj\debug\ccolladafileloader.obj
c:\users\calvin\documents\irlicht_projects\irrlicht-1.8.1\irrlicht-1.8.1\source\irrlicht\obj\debug\cbspmeshfileloader.obj
c:\users\calvin\documents\irlicht_projects\irrlicht-1.8.1\irrlicht-1.8.1\source\irrlicht\obj\debug\cb3dmeshfileloader.obj
c:\users\calvin\documents\irlicht_projects\irrlicht-1.8.1\irrlicht-1.8.1\source\irrlicht\obj\debug\canimatedmeshmd3.obj
c:\users\calvin\documents\irlicht_projects\irrlicht-1.8.1\irrlicht-1.8.1\source\irrlicht\obj\debug\canimatedmeshmd2.obj
c:\users\calvin\documents\irlicht_projects\irrlicht-1.8.1\irrlicht-1.8.1\source\irrlicht\obj\debug\canimatedmeshhalflife.obj
c:\users\calvin\documents\irlicht_projects\irrlicht-1.8.1\irrlicht-1.8.1\source\irrlicht\obj\debug\csmfmeshfileloader.obj
c:\users\calvin\documents\irlicht_projects\irrlicht-1.8.1\irrlicht-1.8.1\source\irrlicht\obj\debug\c3dsmeshfileloader.obj
c:\users\calvin\documents\irlicht_projects\irrlicht-1.8.1\irrlicht-1.8.1\source\irrlicht\obj\debug\cscenemanager.obj
c:\users\calvin\documents\irlicht_projects\irrlicht-1.8.1\irrlicht-1.8.1\source\irrlicht\obj\debug\copenglcgmaterialrenderer.obj
c:\users\calvin\documents\irlicht_projects\irrlicht-1.8.1\irrlicht-1.8.1\source\irrlicht\obj\debug\cmeshmanipulator.obj
c:\users\calvin\documents\irlicht_projects\irrlicht-1.8.1\irrlicht-1.8.1\source\irrlicht\obj\debug\cmeshcache.obj
c:\users\calvin\documents\irlicht_projects\irrlicht-1.8.1\irrlicht-1.8.1\source\irrlicht\obj\debug\cgeometrycreator.obj
c:\users\calvin\documents\irlicht_projects\irrlicht-1.8.1\irrlicht-1.8.1\source\irrlicht\obj\debug\cdefaultscenenodefactory.obj
c:\users\calvin\documents\irlicht_projects\irrlicht-1.8.1\irrlicht-1.8.1\source\irrlicht\obj\debug\cdefaultscenenodeanimatorfactory.obj
c:\users\calvin\documents\irlicht_projects\irrlicht-1.8.1\irrlicht-1.8.1\source\irrlicht\obj\debug\cd3d9cgmaterialrenderer.obj
c:\users\calvin\documents\irlicht_projects\irrlicht-1.8.1\irrlicht-1.8.1\source\irrlicht\obj\debug\ccgmaterialrenderer.obj
c:\users\calvin\documents\irlicht_projects\irrlicht-1.8.1\irrlicht-1.8.1\source\irrlicht\obj\debug\cdummytransformationscenenode.obj
c:\users\calvin\documents\irlicht_projects\irrlicht-1.8.1\irrlicht-1.8.1\source\irrlicht\obj\debug\ccubescenenode.obj
c:\users\calvin\documents\irlicht_projects\irrlicht-1.8.1\irrlicht-1.8.1\source\irrlicht\obj\debug\ccamerascenenode.obj
c:\users\calvin\documents\irlicht_projects\irrlicht-1.8.1\irrlicht-1.8.1\source\irrlicht\obj\debug\cbonescenenode.obj
c:\users\calvin\documents\irlicht_projects\irrlicht-1.8.1\irrlicht-1.8.1\source\irrlicht\obj\debug\cbillboardscenenode.obj
c:\users\calvin\documents\irlicht_projects\irrlicht-1.8.1\irrlicht-1.8.1\source\irrlicht\obj\debug\canimatedmeshscenenode.obj
c:\users\calvin\documents\irlicht_projects\irrlicht-1.8.1\irrlicht-1.8.1\source\irrlicht\obj\debug\cxmeshfileloader.obj
c:\users\calvin\documents\irlicht_projects\irrlicht-1.8.1\irrlicht-1.8.1\source\irrlicht\obj\debug\cstlmeshfileloader.obj
c:\users\calvin\documents\irlicht_projects\irrlicht-1.8.1\irrlicht-1.8.1\source\irrlicht\obj\debug\cskinnedmesh.obj
c:\users\calvin\documents\irlicht_projects\irrlicht-1.8.1\irrlicht-1.8.1\source\irrlicht\obj\debug\cq3levelmesh.obj
c:\users\calvin\documents\irlicht_projects\irrlicht-1.8.1\irrlicht-1.8.1\source\irrlicht\obj\debug\cplymeshfileloader.obj
c:\users\calvin\documents\irlicht_projects\irrlicht-1.8.1\irrlicht-1.8.1\source\irrlicht\obj\debug\cogremeshfileloader.obj
c:\users\calvin\documents\irlicht_projects\irrlicht-1.8.1\irrlicht-1.8.1\source\irrlicht\obj\debug\coctloader.obj
c:\users\calvin\documents\irlicht_projects\irrlicht-1.8.1\irrlicht-1.8.1\source\irrlicht\obj\debug\cobjmeshfileloader.obj
c:\users\calvin\documents\irlicht_projects\irrlicht-1.8.1\irrlicht-1.8.1\source\irrlicht\obj\debug\cmy3dmeshfileloader.obj
c:\users\calvin\documents\irlicht_projects\irrlicht-1.8.1\irrlicht-1.8.1\source\irrlicht\obj\debug\cms3dmeshfileloader.obj
c:\users\calvin\documents\irlicht_projects\irrlicht-1.8.1\irrlicht-1.8.1\source\irrlicht\obj\debug\cmd3meshfileloader.obj
c:\users\calvin\documents\irlicht_projects\irrlicht-1.8.1\irrlicht-1.8.1\source\irrlicht\obj\debug\cmd2meshfileloader.obj
c:\users\calvin\documents\irlicht_projects\irrlicht-1.8.1\irrlicht-1.8.1\source\irrlicht\obj\debug\clwomeshfileloader.obj
c:\users\calvin\documents\irlicht_projects\irrlicht-1.8.1\irrlicht-1.8.1\source\irrlicht\obj\debug\clmtsmeshfileloader.obj
c:\users\calvin\documents\irlicht_projects\irrlicht-1.8.1\irrlicht-1.8.1\source\irrlicht\obj\debug\cparticlemeshemitter.obj
c:\users\calvin\documents\irlicht_projects\irrlicht-1.8.1\irrlicht-1.8.1\source\irrlicht\obj\debug\cparticlegravityaffector.obj
c:\users\calvin\documents\irlicht_projects\irrlicht-1.8.1\irrlicht-1.8.1\source\irrlicht\obj\debug\cparticlefadeoutaffector.obj
c:\users\calvin\documents\irlicht_projects\irrlicht-1.8.1\irrlicht-1.8.1\source\irrlicht\obj\debug\cparticlecylinderemitter.obj
c:\users\calvin\documents\irlicht_projects\irrlicht-1.8.1\irrlicht-1.8.1\source\irrlicht\obj\debug\cparticleboxemitter.obj
c:\users\calvin\documents\irlicht_projects\irrlicht-1.8.1\irrlicht-1.8.1\source\irrlicht\obj\debug\cparticleattractionaffector.obj
c:\users\calvin\documents\irlicht_projects\irrlicht-1.8.1\irrlicht-1.8.1\source\irrlicht\obj\debug\cparticleanimatedmeshscenenodeemitter.obj
c:\users\calvin\documents\irlicht_projects\irrlicht-1.8.1\irrlicht-1.8.1\source\irrlicht\obj\debug\cwatersurfacescenenode.obj
c:\users\calvin\documents\irlicht_projects\irrlicht-1.8.1\irrlicht-1.8.1\source\irrlicht\obj\debug\cvolumelightscenenode.obj
c:\users\calvin\documents\irlicht_projects\irrlicht-1.8.1\irrlicht-1.8.1\source\irrlicht\obj\debug\ctextscenenode.obj
c:\users\calvin\documents\irlicht_projects\irrlicht-1.8.1\irrlicht-1.8.1\source\irrlicht\obj\debug\cterrainscenenode.obj
c:\users\calvin\documents\irlicht_projects\irrlicht-1.8.1\irrlicht-1.8.1\source\irrlicht\obj\debug\cspherescenenode.obj
c:\users\calvin\documents\irlicht_projects\irrlicht-1.8.1\irrlicht-1.8.1\source\irrlicht\obj\debug\cskydomescenenode.obj
c:\users\calvin\documents\irlicht_projects\irrlicht-1.8.1\irrlicht-1.8.1\source\irrlicht\obj\debug\cskyboxscenenode.obj
c:\users\calvin\documents\irlicht_projects\irrlicht-1.8.1\irrlicht-1.8.1\source\irrlicht\obj\debug\cshadowvolumescenenode.obj
c:\users\calvin\documents\irlicht_projects\irrlicht-1.8.1\irrlicht-1.8.1\source\irrlicht\obj\debug\cquake3shaderscenenode.obj
c:\users\calvin\documents\irlicht_projects\irrlicht-1.8.1\irrlicht-1.8.1\source\irrlicht\obj\debug\coctreescenenode.obj
c:\users\calvin\documents\irlicht_projects\irrlicht-1.8.1\irrlicht-1.8.1\source\irrlicht\obj\debug\cmeshscenenode.obj
c:\users\calvin\documents\irlicht_projects\irrlicht-1.8.1\irrlicht-1.8.1\source\irrlicht\obj\debug\clightscenenode.obj
c:\users\calvin\documents\irlicht_projects\irrlicht-1.8.1\irrlicht-1.8.1\source\irrlicht\obj\debug\cemptyscenenode.obj
c:\users\calvin\documents\irlicht_projects\irrlicht-1.8.1\irrlicht-1.8.1\source\irrlicht\obj\debug\cscenenodeanimatorfollowspline.obj
c:\users\calvin\documents\irlicht_projects\irrlicht-1.8.1\irrlicht-1.8.1\source\irrlicht\obj\debug\cscenenodeanimatorflystraight.obj
c:\users\calvin\documents\irlicht_projects\irrlicht-1.8.1\irrlicht-1.8.1\source\irrlicht\obj\debug\cscenenodeanimatorflycircle.obj
c:\users\calvin\documents\irlicht_projects\irrlicht-1.8.1\irrlicht-1.8.1\source\irrlicht\obj\debug\cscenenodeanimatordelete.obj
c:\users\calvin\documents\irlicht_projects\irrlicht-1.8.1\irrlicht-1.8.1\source\irrlicht\obj\debug\cscenenodeanimatorcollisionresponse.obj
c:\users\calvin\documents\irlicht_projects\irrlicht-1.8.1\irrlicht-1.8.1\source\irrlicht\obj\debug\cscenenodeanimatorcameramaya.obj
c:\users\calvin\documents\irlicht_projects\irrlicht-1.8.1\irrlicht-1.8.1\source\irrlicht\obj\debug\cscenenodeanimatorcamerafps.obj
c:\users\calvin\documents\irlicht_projects\irrlicht-1.8.1\irrlicht-1.8.1\source\irrlicht\obj\debug\csceneloaderirr.obj
c:\users\calvin\documents\irlicht_projects\irrlicht-1.8.1\irrlicht-1.8.1\source\irrlicht\obj\debug\ctriangleselector.obj
c:\users\calvin\documents\irlicht_projects\irrlicht-1.8.1\irrlicht-1.8.1\source\irrlicht\obj\debug\ctrianglebbselector.obj
c:\users\calvin\documents\irlicht_projects\irrlicht-1.8.1\irrlicht-1.8.1\source\irrlicht\obj\debug\cterraintriangleselector.obj
c:\users\calvin\documents\irlicht_projects\irrlicht-1.8.1\irrlicht-1.8.1\source\irrlicht\obj\debug\cscenecollisionmanager.obj
c:\users\calvin\documents\irlicht_projects\irrlicht-1.8.1\irrlicht-1.8.1\source\irrlicht\obj\debug\coctreetriangleselector.obj
c:\users\calvin\documents\irlicht_projects\irrlicht-1.8.1\irrlicht-1.8.1\source\irrlicht\obj\debug\cmetatriangleselector.obj
c:\users\calvin\documents\irlicht_projects\irrlicht-1.8.1\irrlicht-1.8.1\source\irrlicht\obj\debug\cparticlesystemscenenode.obj
c:\users\calvin\documents\irlicht_projects\irrlicht-1.8.1\irrlicht-1.8.1\source\irrlicht\obj\debug\cparticlesphereemitter.obj
c:\users\calvin\documents\irlicht_projects\irrlicht-1.8.1\irrlicht-1.8.1\source\irrlicht\obj\debug\cparticlescaleaffector.obj
c:\users\calvin\documents\irlicht_projects\irrlicht-1.8.1\irrlicht-1.8.1\source\irrlicht\obj\debug\cparticlerotationaffector.obj
c:\users\calvin\documents\irlicht_projects\irrlicht-1.8.1\irrlicht-1.8.1\source\irrlicht\obj\debug\cparticleringemitter.obj
c:\users\calvin\documents\irlicht_projects\irrlicht-1.8.1\irrlicht-1.8.1\source\irrlicht\obj\debug\cparticlepointemitter.obj
c:\users\calvin\documents\irlicht_projects\irrlicht-1.8.1\irrlicht-1.8.1\source\irrlicht\obj\debug\ctrtexturegouraudwire.obj
c:\users\calvin\documents\irlicht_projects\irrlicht-1.8.1\irrlicht-1.8.1\source\irrlicht\obj\debug\ctrtexturegouraudnoz.obj
c:\users\calvin\documents\irlicht_projects\irrlicht-1.8.1\irrlicht-1.8.1\source\irrlicht\obj\debug\ctrtexturegouraudadd.obj
c:\users\calvin\documents\irlicht_projects\irrlicht-1.8.1\irrlicht-1.8.1\source\irrlicht\obj\debug\ctrtexturegouraud.obj
c:\users\calvin\documents\irlicht_projects\irrlicht-1.8.1\irrlicht-1.8.1\source\irrlicht\obj\debug\ctrtextureflatwire.obj
c:\users\calvin\documents\irlicht_projects\irrlicht-1.8.1\irrlicht-1.8.1\source\irrlicht\obj\debug\ctrtextureflat.obj
c:\users\calvin\documents\irlicht_projects\irrlicht-1.8.1\irrlicht-1.8.1\source\irrlicht\obj\debug\ctrgouraudwire.obj
c:\users\calvin\documents\irlicht_projects\irrlicht-1.8.1\irrlicht-1.8.1\source\irrlicht\obj\debug\ctrgouraud.obj
c:\users\calvin\documents\irlicht_projects\irrlicht-1.8.1\irrlicht-1.8.1\source\irrlicht\obj\debug\ctrflatwire.obj
c:\users\calvin\documents\irlicht_projects\irrlicht-1.8.1\irrlicht-1.8.1\source\irrlicht\obj\debug\ctrflat.obj
c:\users\calvin\documents\irlicht_projects\irrlicht-1.8.1\irrlicht-1.8.1\source\irrlicht\obj\debug\csoftwaretexture.obj
c:\users\calvin\documents\irlicht_projects\irrlicht-1.8.1\irrlicht-1.8.1\source\irrlicht\obj\debug\csoftwaredriver.obj
c:\users\calvin\documents\irlicht_projects\irrlicht-1.8.1\irrlicht-1.8.1\source\irrlicht\obj\debug\cvideomodelist.obj
c:\users\calvin\documents\irlicht_projects\irrlicht-1.8.1\irrlicht-1.8.1\source\irrlicht\obj\debug\cstlmeshwriter.obj
c:\users\calvin\documents\irlicht_projects\irrlicht-1.8.1\irrlicht-1.8.1\source\irrlicht\obj\debug\cplymeshwriter.obj
c:\users\calvin\documents\irlicht_projects\irrlicht-1.8.1\irrlicht-1.8.1\source\irrlicht\obj\debug\cobjmeshwriter.obj
c:\users\calvin\documents\irlicht_projects\irrlicht-1.8.1\irrlicht-1.8.1\source\irrlicht\obj\debug\cirrmeshwriter.obj
c:\users\calvin\documents\irlicht_projects\irrlicht-1.8.1\irrlicht-1.8.1\source\irrlicht\obj\debug\ccolladameshwriter.obj
c:\users\calvin\documents\irlicht_projects\irrlicht-1.8.1\irrlicht-1.8.1\source\irrlicht\obj\debug\cscenenodeanimatortexture.obj
c:\users\calvin\documents\irlicht_projects\irrlicht-1.8.1\irrlicht-1.8.1\source\irrlicht\obj\debug\cscenenodeanimatorrotation.obj
c:\users\calvin\documents\irlicht_projects\irrlicht-1.8.1\irrlicht-1.8.1\source\irrlicht\obj\debug\cimagewriterpcx.obj
c:\users\calvin\documents\irlicht_projects\irrlicht-1.8.1\irrlicht-1.8.1\source\irrlicht\obj\debug\cimagewriterjpg.obj
c:\users\calvin\documents\irlicht_projects\irrlicht-1.8.1\irrlicht-1.8.1\source\irrlicht\obj\debug\cimagewriterbmp.obj
c:\users\calvin\documents\irlicht_projects\irrlicht-1.8.1\irrlicht-1.8.1\source\irrlicht\obj\debug\cnulldriver.obj
c:\users\calvin\documents\irlicht_projects\irrlicht-1.8.1\irrlicht-1.8.1\source\irrlicht\obj\debug\cimage.obj
c:\users\calvin\documents\irlicht_projects\irrlicht-1.8.1\irrlicht-1.8.1\source\irrlicht\obj\debug\cfpscounter.obj
c:\users\calvin\documents\irlicht_projects\irrlicht-1.8.1\irrlicht-1.8.1\source\irrlicht\obj\debug\ccolorconverter.obj
c:\users\calvin\documents\irlicht_projects\irrlicht-1.8.1\irrlicht-1.8.1\source\irrlicht\obj\debug\cd3d8texture.obj
c:\users\calvin\documents\irlicht_projects\irrlicht-1.8.1\irrlicht-1.8.1\source\irrlicht\obj\debug\cd3d8shadermaterialrenderer.obj
c:\users\calvin\documents\irlicht_projects\irrlicht-1.8.1\irrlicht-1.8.1\source\irrlicht\obj\debug\cd3d8parallaxmaprenderer.obj
c:\users\calvin\documents\irlicht_projects\irrlicht-1.8.1\irrlicht-1.8.1\source\irrlicht\obj\debug\cd3d8normalmaprenderer.obj
c:\users\calvin\documents\irlicht_projects\irrlicht-1.8.1\irrlicht-1.8.1\source\irrlicht\obj\debug\cd3d8driver.obj
c:\users\calvin\documents\irlicht_projects\irrlicht-1.8.1\irrlicht-1.8.1\source\irrlicht\obj\debug\copengltexture.obj
c:\users\calvin\documents\irlicht_projects\irrlicht-1.8.1\irrlicht-1.8.1\source\irrlicht\obj\debug\copenglslmaterialrenderer.obj
c:\users\calvin\documents\irlicht_projects\irrlicht-1.8.1\irrlicht-1.8.1\source\irrlicht\obj\debug\copenglshadermaterialrenderer.obj
c:\users\calvin\documents\irlicht_projects\irrlicht-1.8.1\irrlicht-1.8.1\source\irrlicht\obj\debug\copenglparallaxmaprenderer.obj
c:\users\calvin\documents\irlicht_projects\irrlicht-1.8.1\irrlicht-1.8.1\source\irrlicht\obj\debug\copenglnormalmaprenderer.obj
c:\users\calvin\documents\irlicht_projects\irrlicht-1.8.1\irrlicht-1.8.1\source\irrlicht\obj\debug\copenglextensionhandler.obj
c:\users\calvin\documents\irlicht_projects\irrlicht-1.8.1\irrlicht-1.8.1\source\irrlicht\obj\debug\copengldriver.obj
c:\users\calvin\documents\irlicht_projects\irrlicht-1.8.1\irrlicht-1.8.1\source\irrlicht\obj\debug\czbuffer.obj
c:\users\calvin\documents\irlicht_projects\irrlicht-1.8.1\irrlicht-1.8.1\source\irrlicht\obj\debug\cd3d9texture.obj
c:\users\calvin\documents\irlicht_projects\irrlicht-1.8.1\irrlicht-1.8.1\source\irrlicht\obj\debug\cd3d9shadermaterialrenderer.obj
c:\users\calvin\documents\irlicht_projects\irrlicht-1.8.1\irrlicht-1.8.1\source\irrlicht\obj\debug\cd3d9parallaxmaprenderer.obj
c:\users\calvin\documents\irlicht_projects\irrlicht-1.8.1\irrlicht-1.8.1\source\irrlicht\obj\debug\cd3d9normalmaprenderer.obj
c:\users\calvin\documents\irlicht_projects\irrlicht-1.8.1\irrlicht-1.8.1\source\irrlicht\obj\debug\cd3d9hlslmaterialrenderer.obj
c:\users\calvin\documents\irlicht_projects\irrlicht-1.8.1\irrlicht-1.8.1\source\irrlicht\obj\debug\cd3d9driver.obj
c:\users\calvin\documents\irlicht_projects\irrlicht-1.8.1\irrlicht-1.8.1\source\irrlicht\obj\debug\cimageloaderwal.obj
c:\users\calvin\documents\irlicht_projects\irrlicht-1.8.1\irrlicht-1.8.1\source\irrlicht\obj\debug\cimageloadertga.obj
c:\users\calvin\documents\irlicht_projects\irrlicht-1.8.1\irrlicht-1.8.1\source\irrlicht\obj\debug\cimageloaderrgb.obj
c:\users\calvin\documents\irlicht_projects\irrlicht-1.8.1\irrlicht-1.8.1\source\irrlicht\obj\debug\cimageloaderpsd.obj
c:\users\calvin\documents\irlicht_projects\irrlicht-1.8.1\irrlicht-1.8.1\source\irrlicht\obj\debug\cimageloaderppm.obj
c:\users\calvin\documents\irlicht_projects\irrlicht-1.8.1\irrlicht-1.8.1\source\irrlicht\obj\debug\cimageloaderpng.obj
c:\users\calvin\documents\irlicht_projects\irrlicht-1.8.1\irrlicht-1.8.1\source\irrlicht\obj\debug\cimageloaderpcx.obj
c:\users\calvin\documents\irlicht_projects\irrlicht-1.8.1\irrlicht-1.8.1\source\irrlicht\obj\debug\cimageloaderjpg.obj
c:\users\calvin\documents\irlicht_projects\irrlicht-1.8.1\irrlicht-1.8.1\source\irrlicht\obj\debug\cimageloaderdds.obj
c:\users\calvin\documents\irlicht_projects\irrlicht-1.8.1\irrlicht-1.8.1\source\irrlicht\obj\debug\cimageloaderbmp.obj
c:\users\calvin\documents\irlicht_projects\irrlicht-1.8.1\irrlicht-1.8.1\source\irrlicht\obj\debug\cimagewritertga.obj
c:\users\calvin\documents\irlicht_projects\irrlicht-1.8.1\irrlicht-1.8.1\source\irrlicht\obj\debug\cimagewriterpsd.obj
c:\users\calvin\documents\irlicht_projects\irrlicht-1.8.1\irrlicht-1.8.1\source\irrlicht\obj\debug\cimagewriterppm.obj
c:\users\calvin\documents\irlicht_projects\irrlicht-1.8.1\irrlicht-1.8.1\source\irrlicht\obj\debug\cimagewriterpng.obj
c:\users\calvin\documents\irlicht_projects\irrlicht-1.8.1\irrlicht-1.8.1\source\irrlicht\obj\debug\ctrtexturelightmap2_m1.obj
c:\users\calvin\documents\irlicht_projects\irrlicht-1.8.1\irrlicht-1.8.1\source\irrlicht\obj\debug\ctrtexturelightmap2_add.obj
c:\users\calvin\documents\irlicht_projects\irrlicht-1.8.1\irrlicht-1.8.1\source\irrlicht\obj\debug\ctrtexturegouraudvertexalpha2.obj
c:\users\calvin\documents\irlicht_projects\irrlicht-1.8.1\irrlicht-1.8.1\source\irrlicht\obj\debug\ctrtexturegouraudnoz2.obj
c:\users\calvin\documents\irlicht_projects\irrlicht-1.8.1\irrlicht-1.8.1\source\irrlicht\obj\debug\ctrtexturegouraudalphanoz.obj
c:\users\calvin\documents\irlicht_projects\irrlicht-1.8.1\irrlicht-1.8.1\source\irrlicht\obj\debug\ctrtexturegouraudalpha.obj
c:\users\calvin\documents\irlicht_projects\irrlicht-1.8.1\irrlicht-1.8.1\source\irrlicht\obj\debug\ctrtexturegouraudaddnoz2.obj
c:\users\calvin\documents\irlicht_projects\irrlicht-1.8.1\irrlicht-1.8.1\source\irrlicht\obj\debug\ctrtexturegouraudadd2.obj
c:\users\calvin\documents\irlicht_projects\irrlicht-1.8.1\irrlicht-1.8.1\source\irrlicht\obj\debug\ctrtexturegouraud2.obj
c:\users\calvin\documents\irlicht_projects\irrlicht-1.8.1\irrlicht-1.8.1\source\irrlicht\obj\debug\ctrtexturedetailmap2.obj
c:\users\calvin\documents\irlicht_projects\irrlicht-1.8.1\irrlicht-1.8.1\source\irrlicht\obj\debug\ctrtextureblend.obj
c:\users\calvin\documents\irlicht_projects\irrlicht-1.8.1\irrlicht-1.8.1\source\irrlicht\obj\debug\ctrstencilshadow.obj
c:\users\calvin\documents\irlicht_projects\irrlicht-1.8.1\irrlicht-1.8.1\source\irrlicht\obj\debug\ctrnormalmap.obj
c:\users\calvin\documents\irlicht_projects\irrlicht-1.8.1\irrlicht-1.8.1\source\irrlicht\obj\debug\ctrgouraudalphanoz2.obj
c:\users\calvin\documents\irlicht_projects\irrlicht-1.8.1\irrlicht-1.8.1\source\irrlicht\obj\debug\ctrgouraudalpha2.obj
c:\users\calvin\documents\irlicht_projects\irrlicht-1.8.1\irrlicht-1.8.1\source\irrlicht\obj\debug\ctrgouraud2.obj
c:\users\calvin\documents\irlicht_projects\irrlicht-1.8.1\irrlicht-1.8.1\source\irrlicht\obj\debug\csoftwaretexture2.obj
c:\users\calvin\documents\irlicht_projects\irrlicht-1.8.1\irrlicht-1.8.1\source\irrlicht\obj\debug\csoftwaredriver2.obj
c:\users\calvin\documents\irlicht_projects\irrlicht-1.8.1\irrlicht-1.8.1\source\irrlicht\obj\debug\cdepthbuffer.obj
c:\users\calvin\documents\irlicht_projects\irrlicht-1.8.1\irrlicht-1.8.1\source\irrlicht\obj\debug\cburningshader_raster_reference.obj
c:\users\calvin\documents\irlicht_projects\irrlicht-1.8.1\irrlicht-1.8.1\source\irrlicht\obj\debug\cirrdevicefb.obj
c:\users\calvin\documents\irlicht_projects\irrlicht-1.8.1\irrlicht-1.8.1\source\irrlicht\obj\debug\cirrdeviceconsole.obj
c:\users\calvin\documents\irlicht_projects\irrlicht-1.8.1\irrlicht-1.8.1\source\irrlicht\obj\debug\sha2.obj
c:\users\calvin\documents\irlicht_projects\irrlicht-1.8.1\irrlicht-1.8.1\source\irrlicht\obj\debug\sha1.obj
c:\users\calvin\documents\irlicht_projects\irrlicht-1.8.1\irrlicht-1.8.1\source\irrlicht\obj\debug\pwd2key.obj
c:\users\calvin\documents\irlicht_projects\irrlicht-1.8.1\irrlicht-1.8.1\source\irrlicht\obj\debug\prng.obj
c:\users\calvin\documents\irlicht_projects\irrlicht-1.8.1\irrlicht-1.8.1\source\irrlicht\obj\debug\hmac.obj
c:\users\calvin\documents\irlicht_projects\irrlicht-1.8.1\irrlicht-1.8.1\source\irrlicht\obj\debug\fileenc.obj
c:\users\calvin\documents\irlicht_projects\irrlicht-1.8.1\irrlicht-1.8.1\source\irrlicht\obj\debug\aestab.obj
c:\users\calvin\documents\irlicht_projects\irrlicht-1.8.1\irrlicht-1.8.1\source\irrlicht\obj\debug\aeskey.obj
c:\users\calvin\documents\irlicht_projects\irrlicht-1.8.1\irrlicht-1.8.1\source\irrlicht\obj\debug\aescrypt.obj
c:\users\calvin\documents\irlicht_projects\irrlicht-1.8.1\irrlicht-1.8.1\source\irrlicht\obj\debug\os.obj
c:\users\calvin\documents\irlicht_projects\irrlicht-1.8.1\irrlicht-1.8.1\source\irrlicht\obj\debug\irrlicht.obj
c:\users\calvin\documents\irlicht_projects\irrlicht-1.8.1\irrlicht-1.8.1\source\irrlicht\obj\debug\cosoperator.obj
c:\users\calvin\documents\irlicht_projects\irrlicht-1.8.1\irrlicht-1.8.1\source\irrlicht\obj\debug\clogger.obj
c:\users\calvin\documents\irlicht_projects\irrlicht-1.8.1\irrlicht-1.8.1\source\irrlicht\obj\debug\iburningshader.obj
c:\users\calvin\documents\irlicht_projects\irrlicht-1.8.1\irrlicht-1.8.1\source\irrlicht\obj\debug\ctrtexturewire2.obj
c:\users\calvin\documents\irlicht_projects\irrlicht-1.8.1\irrlicht-1.8.1\source\irrlicht\obj\debug\ctrtexturelightmapgouraud2_m4.obj
c:\users\calvin\documents\irlicht_projects\irrlicht-1.8.1\irrlicht-1.8.1\source\irrlicht\obj\debug\ctrtexturelightmap2_m4.obj
c:\users\calvin\documents\irlicht_projects\irrlicht-1.8.1\irrlicht-1.8.1\source\irrlicht\obj\debug\ctrtexturelightmap2_m2.obj
c:\users\calvin\documents\irlicht_projects\irrlicht-1.8.1\irrlicht-1.8.1\source\irrlicht\obj\debug\czipreader.obj
c:\users\calvin\documents\irlicht_projects\irrlicht-1.8.1\irrlicht-1.8.1\source\irrlicht\obj\debug\cxmlwriter.obj
c:\users\calvin\documents\irlicht_projects\irrlicht-1.8.1\irrlicht-1.8.1\source\irrlicht\obj\debug\cxmlreader.obj
c:\users\calvin\documents\irlicht_projects\irrlicht-1.8.1\irrlicht-1.8.1\source\irrlicht\obj\debug\cwritefile.obj
c:\users\calvin\documents\irlicht_projects\irrlicht-1.8.1\irrlicht-1.8.1\source\irrlicht\obj\debug\cwadreader.obj
c:\users\calvin\documents\irlicht_projects\irrlicht-1.8.1\irrlicht-1.8.1\source\irrlicht\obj\debug\ctarreader.obj
c:\users\calvin\documents\irlicht_projects\irrlicht-1.8.1\irrlicht-1.8.1\source\irrlicht\obj\debug\creadfile.obj
c:\users\calvin\documents\irlicht_projects\irrlicht-1.8.1\irrlicht-1.8.1\source\irrlicht\obj\debug\cpakreader.obj
c:\users\calvin\documents\irlicht_projects\irrlicht-1.8.1\irrlicht-1.8.1\source\irrlicht\obj\debug\cnpkreader.obj
c:\users\calvin\documents\irlicht_projects\irrlicht-1.8.1\irrlicht-1.8.1\source\irrlicht\obj\debug\cmountpointreader.obj
c:\users\calvin\documents\irlicht_projects\irrlicht-1.8.1\irrlicht-1.8.1\source\irrlicht\obj\debug\cmemoryfile.obj
c:\users\calvin\documents\irlicht_projects\irrlicht-1.8.1\irrlicht-1.8.1\source\irrlicht\obj\debug\climitreadfile.obj
c:\users\calvin\documents\irlicht_projects\irrlicht-1.8.1\irrlicht-1.8.1\source\irrlicht\obj\debug\cfilesystem.obj
c:\users\calvin\documents\irlicht_projects\irrlicht-1.8.1\irrlicht-1.8.1\source\irrlicht\obj\debug\cfilelist.obj
c:\users\calvin\documents\irlicht_projects\irrlicht-1.8.1\irrlicht-1.8.1\source\irrlicht\obj\debug\cattributes.obj
c:\users\calvin\documents\irlicht_projects\irrlicht-1.8.1\irrlicht-1.8.1\source\irrlicht\obj\debug\cirrdevicewince.obj
c:\users\calvin\documents\irlicht_projects\irrlicht-1.8.1\irrlicht-1.8.1\source\irrlicht\obj\debug\cirrdevicewin32.obj
c:\users\calvin\documents\irlicht_projects\irrlicht-1.8.1\irrlicht-1.8.1\source\irrlicht\obj\debug\cirrdevicestub.obj
c:\users\calvin\documents\irlicht_projects\irrlicht-1.8.1\irrlicht-1.8.1\source\irrlicht\obj\debug\cirrdevicesdl.obj
c:\users\calvin\documents\irlicht_projects\irrlicht-1.8.1\irrlicht-1.8.1\source\irrlicht\obj\debug\cirrdevicelinux.obj
c:\users\calvin\documents\irlicht_projects\irrlicht-1.8.1\irrlicht-1.8.1\source\irrlicht\obj\debug\cguiscrollbar.obj
c:\users\calvin\documents\irlicht_projects\irrlicht-1.8.1\irrlicht-1.8.1\source\irrlicht\obj\debug\cguimodalscreen.obj
c:\users\calvin\documents\irlicht_projects\irrlicht-1.8.1\irrlicht-1.8.1\source\irrlicht\obj\debug\cguimessagebox.obj
c:\users\calvin\documents\irlicht_projects\irrlicht-1.8.1\irrlicht-1.8.1\source\irrlicht\obj\debug\cguimeshviewer.obj
c:\users\calvin\documents\irlicht_projects\irrlicht-1.8.1\irrlicht-1.8.1\source\irrlicht\obj\debug\cguimenu.obj
c:\users\calvin\documents\irlicht_projects\irrlicht-1.8.1\irrlicht-1.8.1\source\irrlicht\obj\debug\cguilistbox.obj
c:\users\calvin\documents\irlicht_projects\irrlicht-1.8.1\irrlicht-1.8.1\source\irrlicht\obj\debug\cguiinoutfader.obj
c:\users\calvin\documents\irlicht_projects\irrlicht-1.8.1\irrlicht-1.8.1\source\irrlicht\obj\debug\cguiimagelist.obj
c:\users\calvin\documents\irlicht_projects\irrlicht-1.8.1\irrlicht-1.8.1\source\irrlicht\obj\debug\cguiimage.obj
c:\users\calvin\documents\irlicht_projects\irrlicht-1.8.1\irrlicht-1.8.1\source\irrlicht\obj\debug\cguifont.obj
c:\users\calvin\documents\irlicht_projects\irrlicht-1.8.1\irrlicht-1.8.1\source\irrlicht\obj\debug\cguifileopendialog.obj
c:\users\calvin\documents\irlicht_projects\irrlicht-1.8.1\irrlicht-1.8.1\source\irrlicht\obj\debug\cguienvironment.obj
c:\users\calvin\documents\irlicht_projects\irrlicht-1.8.1\irrlicht-1.8.1\source\irrlicht\obj\debug\cguieditbox.obj
c:\users\calvin\documents\irlicht_projects\irrlicht-1.8.1\irrlicht-1.8.1\source\irrlicht\obj\debug\cguicontextmenu.obj
c:\users\calvin\documents\irlicht_projects\irrlicht-1.8.1\irrlicht-1.8.1\source\irrlicht\obj\debug\cguicombobox.obj
c:\users\calvin\documents\irlicht_projects\irrlicht-1.8.1\irrlicht-1.8.1\source\irrlicht\obj\debug\cguicolorselectdialog.obj
c:\users\calvin\documents\irlicht_projects\irrlicht-1.8.1\irrlicht-1.8.1\source\irrlicht\obj\debug\cguicheckbox.obj
c:\users\calvin\documents\irlicht_projects\irrlicht-1.8.1\irrlicht-1.8.1\source\irrlicht\obj\debug\cguibutton.obj
c:\users\calvin\documents\irlicht_projects\irrlicht-1.8.1\irrlicht-1.8.1\source\irrlicht\obj\debug\cdefaultguielementfactory.obj
c:\users\calvin\documents\irlicht_projects\irrlicht-1.8.1\irrlicht-1.8.1\source\irrlicht\obj\debug\irrxml.obj
c:\users\calvin\documents\irlicht_projects\irrlicht-1.8.1\irrlicht-1.8.1\source\irrlicht\obj\debug\cguiwindow.obj
c:\users\calvin\documents\irlicht_projects\irrlicht-1.8.1\irrlicht-1.8.1\source\irrlicht\obj\debug\cguitreeview.obj
c:\users\calvin\documents\irlicht_projects\irrlicht-1.8.1\irrlicht-1.8.1\source\irrlicht\obj\debug\cguitoolbar.obj
c:\users\calvin\documents\irlicht_projects\irrlicht-1.8.1\irrlicht-1.8.1\source\irrlicht\obj\debug\cguitable.obj
c:\users\calvin\documents\irlicht_projects\irrlicht-1.8.1\irrlicht-1.8.1\source\irrlicht\obj\debug\cguitabcontrol.obj
c:\users\calvin\documents\irlicht_projects\irrlicht-1.8.1\irrlicht-1.8.1\source\irrlicht\obj\debug\cguistatictext.obj
c:\users\calvin\documents\irlicht_projects\irrlicht-1.8.1\irrlicht-1.8.1\source\irrlicht\obj\debug\cguispritebank.obj
c:\users\calvin\documents\irlicht_projects\irrlicht-1.8.1\irrlicht-1.8.1\source\irrlicht\obj\debug\cguispinbox.obj
c:\users\calvin\documents\irlicht_projects\irrlicht-1.8.1\irrlicht-1.8.1\source\irrlicht\obj\debug\cguiskin.obj
c:\users\calvin\documents\irlicht_projects\irrlicht-1.8.1\irrlicht-1.8.1\source\irrlicht\obj\debug\jcinit.obj
c:\users\calvin\documents\irlicht_projects\irrlicht-1.8.1\irrlicht-1.8.1\source\irrlicht\obj\debug\jchuff.obj
c:\users\calvin\documents\irlicht_projects\irrlicht-1.8.1\irrlicht-1.8.1\source\irrlicht\obj\debug\jcdctmgr.obj
c:\users\calvin\documents\irlicht_projects\irrlicht-1.8.1\irrlicht-1.8.1\source\irrlicht\obj\debug\jccolor.obj
c:\users\calvin\documents\irlicht_projects\irrlicht-1.8.1\irrlicht-1.8.1\source\irrlicht\obj\debug\jccoefct.obj
c:\users\calvin\documents\irlicht_projects\irrlicht-1.8.1\irrlicht-1.8.1\source\irrlicht\obj\debug\jcarith.obj
c:\users\calvin\documents\irlicht_projects\irrlicht-1.8.1\irrlicht-1.8.1\source\irrlicht\obj\debug\jcapistd.obj
c:\users\calvin\documents\irlicht_projects\irrlicht-1.8.1\irrlicht-1.8.1\source\irrlicht\obj\debug\jcapimin.obj
c:\users\calvin\documents\irlicht_projects\irrlicht-1.8.1\irrlicht-1.8.1\source\irrlicht\obj\debug\jaricom.obj
c:\users\calvin\documents\irlicht_projects\irrlicht-1.8.1\irrlicht-1.8.1\source\irrlicht\obj\debug\zutil.obj
c:\users\calvin\documents\irlicht_projects\irrlicht-1.8.1\irrlicht-1.8.1\source\irrlicht\obj\debug\uncompr.obj
c:\users\calvin\documents\irlicht_projects\irrlicht-1.8.1\irrlicht-1.8.1\source\irrlicht\obj\debug\trees.obj
c:\users\calvin\documents\irlicht_projects\irrlicht-1.8.1\irrlicht-1.8.1\source\irrlicht\obj\debug\inftrees.obj
c:\users\calvin\documents\irlicht_projects\irrlicht-1.8.1\irrlicht-1.8.1\source\irrlicht\obj\debug\inflate.obj
c:\users\calvin\documents\irlicht_projects\irrlicht-1.8.1\irrlicht-1.8.1\source\irrlicht\obj\debug\inffast.obj
c:\users\calvin\documents\irlicht_projects\irrlicht-1.8.1\irrlicht-1.8.1\source\irrlicht\obj\debug\deflate.obj
c:\users\calvin\documents\irlicht_projects\irrlicht-1.8.1\irrlicht-1.8.1\source\irrlicht\obj\debug\crc32.obj
c:\users\calvin\documents\irlicht_projects\irrlicht-1.8.1\irrlicht-1.8.1\source\irrlicht\obj\debug\compress.obj
c:\users\calvin\documents\irlicht_projects\irrlicht-1.8.1\irrlicht-1.8.1\source\irrlicht\obj\debug\adler32.obj
c:\users\calvin\documents\irlicht_projects\irrlicht-1.8.1\irrlicht-1.8.1\source\irrlicht\obj\debug\lzmadec.obj
c:\users\calvin\documents\irlicht_projects\irrlicht-1.8.1\irrlicht-1.8.1\source\irrlicht\obj\debug\jdmarker.obj
c:\users\calvin\documents\irlicht_projects\irrlicht-1.8.1\irrlicht-1.8.1\source\irrlicht\obj\debug\jdmainct.obj
c:\users\calvin\documents\irlicht_projects\irrlicht-1.8.1\irrlicht-1.8.1\source\irrlicht\obj\debug\jdinput.obj
c:\users\calvin\documents\irlicht_projects\irrlicht-1.8.1\irrlicht-1.8.1\source\irrlicht\obj\debug\jdhuff.obj
c:\users\calvin\documents\irlicht_projects\irrlicht-1.8.1\irrlicht-1.8.1\source\irrlicht\obj\debug\jddctmgr.obj
c:\users\calvin\documents\irlicht_projects\irrlicht-1.8.1\irrlicht-1.8.1\source\irrlicht\obj\debug\jdcolor.obj
c:\users\calvin\documents\irlicht_projects\irrlicht-1.8.1\irrlicht-1.8.1\source\irrlicht\obj\debug\jdcoefct.obj
c:\users\calvin\documents\irlicht_projects\irrlicht-1.8.1\irrlicht-1.8.1\source\irrlicht\obj\debug\jdatasrc.obj
c:\users\calvin\documents\irlicht_projects\irrlicht-1.8.1\irrlicht-1.8.1\source\irrlicht\obj\debug\jdatadst.obj
c:\users\calvin\documents\irlicht_projects\irrlicht-1.8.1\irrlicht-1.8.1\source\irrlicht\obj\debug\jdarith.obj
c:\users\calvin\documents\irlicht_projects\irrlicht-1.8.1\irrlicht-1.8.1\source\irrlicht\obj\debug\jdapistd.obj
c:\users\calvin\documents\irlicht_projects\irrlicht-1.8.1\irrlicht-1.8.1\source\irrlicht\obj\debug\jdapimin.obj
c:\users\calvin\documents\irlicht_projects\irrlicht-1.8.1\irrlicht-1.8.1\source\irrlicht\obj\debug\jctrans.obj
c:\users\calvin\documents\irlicht_projects\irrlicht-1.8.1\irrlicht-1.8.1\source\irrlicht\obj\debug\jcsample.obj
c:\users\calvin\documents\irlicht_projects\irrlicht-1.8.1\irrlicht-1.8.1\source\irrlicht\obj\debug\jcprepct.obj
c:\users\calvin\documents\irlicht_projects\irrlicht-1.8.1\irrlicht-1.8.1\source\irrlicht\obj\debug\jcparam.obj
c:\users\calvin\documents\irlicht_projects\irrlicht-1.8.1\irrlicht-1.8.1\source\irrlicht\obj\debug\jcomapi.obj
c:\users\calvin\documents\irlicht_projects\irrlicht-1.8.1\irrlicht-1.8.1\source\irrlicht\obj\debug\jcmaster.obj
c:\users\calvin\documents\irlicht_projects\irrlicht-1.8.1\irrlicht-1.8.1\source\irrlicht\obj\debug\jcmarker.obj
c:\users\calvin\documents\irlicht_projects\irrlicht-1.8.1\irrlicht-1.8.1\source\irrlicht\obj\debug\jcmainct.obj
c:\users\calvin\documents\irlicht_projects\irrlicht-1.8.1\irrlicht-1.8.1\source\irrlicht\obj\debug\pngget.obj
c:\users\calvin\documents\irlicht_projects\irrlicht-1.8.1\irrlicht-1.8.1\source\irrlicht\obj\debug\pngerror.obj
c:\users\calvin\documents\irlicht_projects\irrlicht-1.8.1\irrlicht-1.8.1\source\irrlicht\obj\debug\png.obj
c:\users\calvin\documents\irlicht_projects\irrlicht-1.8.1\irrlicht-1.8.1\source\irrlicht\obj\debug\jutils.obj
c:\users\calvin\documents\irlicht_projects\irrlicht-1.8.1\irrlicht-1.8.1\source\irrlicht\obj\debug\jquant2.obj
c:\users\calvin\documents\irlicht_projects\irrlicht-1.8.1\irrlicht-1.8.1\source\irrlicht\obj\debug\jquant1.obj
c:\users\calvin\documents\irlicht_projects\irrlicht-1.8.1\irrlicht-1.8.1\source\irrlicht\obj\debug\jmemnobs.obj
c:\users\calvin\documents\irlicht_projects\irrlicht-1.8.1\irrlicht-1.8.1\source\irrlicht\obj\debug\jmemmgr.obj
c:\users\calvin\documents\irlicht_projects\irrlicht-1.8.1\irrlicht-1.8.1\source\irrlicht\obj\debug\jidctint.obj
c:\users\calvin\documents\irlicht_projects\irrlicht-1.8.1\irrlicht-1.8.1\source\irrlicht\obj\debug\jidctfst.obj
c:\users\calvin\documents\irlicht_projects\irrlicht-1.8.1\irrlicht-1.8.1\source\irrlicht\obj\debug\jidctflt.obj
c:\users\calvin\documents\irlicht_projects\irrlicht-1.8.1\irrlicht-1.8.1\source\irrlicht\obj\debug\jfdctint.obj
c:\users\calvin\documents\irlicht_projects\irrlicht-1.8.1\irrlicht-1.8.1\source\irrlicht\obj\debug\jfdctfst.obj
c:\users\calvin\documents\irlicht_projects\irrlicht-1.8.1\irrlicht-1.8.1\source\irrlicht\obj\debug\jfdctflt.obj
c:\users\calvin\documents\irlicht_projects\irrlicht-1.8.1\irrlicht-1.8.1\source\irrlicht\obj\debug\jerror.obj
c:\users\calvin\documents\irlicht_projects\irrlicht-1.8.1\irrlicht-1.8.1\source\irrlicht\obj\debug\jdtrans.obj
c:\users\calvin\documents\irlicht_projects\irrlicht-1.8.1\irrlicht-1.8.1\source\irrlicht\obj\debug\jdsample.obj
c:\users\calvin\documents\irlicht_projects\irrlicht-1.8.1\irrlicht-1.8.1\source\irrlicht\obj\debug\jdpostct.obj
c:\users\calvin\documents\irlicht_projects\irrlicht-1.8.1\irrlicht-1.8.1\source\irrlicht\obj\debug\jdmerge.obj
c:\users\calvin\documents\irlicht_projects\irrlicht-1.8.1\irrlicht-1.8.1\source\irrlicht\obj\debug\jdmaster.obj
c:\users\calvin\documents\irlicht_projects\irrlicht-1.8.1\irrlicht-1.8.1\source\irrlicht\obj\debug\randtable.obj
c:\users\calvin\documents\irlicht_projects\irrlicht-1.8.1\irrlicht-1.8.1\source\irrlicht\obj\debug\huffman.obj
c:\users\calvin\documents\irlicht_projects\irrlicht-1.8.1\irrlicht-1.8.1\source\irrlicht\obj\debug\decompress.obj
c:\users\calvin\documents\irlicht_projects\irrlicht-1.8.1\irrlicht-1.8.1\source\irrlicht\obj\debug\crctable.obj
c:\users\calvin\documents\irlicht_projects\irrlicht-1.8.1\irrlicht-1.8.1\source\irrlicht\obj\debug\bzlib.obj
c:\users\calvin\documents\irlicht_projects\irrlicht-1.8.1\irrlicht-1.8.1\source\irrlicht\obj\debug\bzcompress.obj
c:\users\calvin\documents\irlicht_projects\irrlicht-1.8.1\irrlicht-1.8.1\source\irrlicht\obj\debug\blocksort.obj
c:\users\calvin\documents\irlicht_projects\irrlicht-1.8.1\irrlicht-1.8.1\source\irrlicht\obj\debug\pngwutil.obj
c:\users\calvin\documents\irlicht_projects\irrlicht-1.8.1\irrlicht-1.8.1\source\irrlicht\obj\debug\pngwtran.obj
c:\users\calvin\documents\irlicht_projects\irrlicht-1.8.1\irrlicht-1.8.1\source\irrlicht\obj\debug\pngwrite.obj
c:\users\calvin\documents\irlicht_projects\irrlicht-1.8.1\irrlicht-1.8.1\source\irrlicht\obj\debug\pngwio.obj
c:\users\calvin\documents\irlicht_projects\irrlicht-1.8.1\irrlicht-1.8.1\source\irrlicht\obj\debug\pngtrans.obj
c:\users\calvin\documents\irlicht_projects\irrlicht-1.8.1\irrlicht-1.8.1\source\irrlicht\obj\debug\pngset.obj
c:\users\calvin\documents\irlicht_projects\irrlicht-1.8.1\irrlicht-1.8.1\source\irrlicht\obj\debug\pngrutil.obj
c:\users\calvin\documents\irlicht_projects\irrlicht-1.8.1\irrlicht-1.8.1\source\irrlicht\obj\debug\pngrtran.obj
c:\users\calvin\documents\irlicht_projects\irrlicht-1.8.1\irrlicht-1.8.1\source\irrlicht\obj\debug\pngrio.obj
c:\users\calvin\documents\irlicht_projects\irrlicht-1.8.1\irrlicht-1.8.1\source\irrlicht\obj\debug\pngread.obj
c:\users\calvin\documents\irlicht_projects\irrlicht-1.8.1\irrlicht-1.8.1\source\irrlicht\obj\debug\pngpread.obj
c:\users\calvin\documents\irlicht_projects\irrlicht-1.8.1\irrlicht-1.8.1\source\irrlicht\obj\debug\pngmem.obj
c:\users\calvin\documents\irlicht_projects\irrlicht-1.8.1\irrlicht-1.8.1\lib\win32-visualstudio\irrlicht.lib
c:\users\calvin\documents\irlicht_projects\irrlicht-1.8.1\irrlicht-1.8.1\lib\win32-visualstudio\irrlicht.exp
c:\users\calvin\documents\irlicht_projects\irrlicht-1.8.1\irrlicht-1.8.1\bin\win32-visualstudio\irrlicht.ilk
c:\users\calvin\documents\irlicht_projects\irrlicht-1.8.1\irrlicht-1.8.1\bin\win32-visualstudio\irrlicht.dll
c:\users\calvin\documents\irlicht_projects\irrlicht-1.8.1\irrlicht-1.8.1\bin\win32-visualstudio\irrlicht.pdb
c:\users\calvin\documents\irlicht_projects\irrlicht-1.8.1\irrlicht-1.8.1\source\irrlicht\obj\debug\irrlicht.res
c:\users\calvin\documents\irlicht_projects\irrlicht-1.8.1\irrlicht-1.8.1\source\irrlicht\..\..\bin\win32-visualstudio\irrlicht.dll
c:\users\calvin\documents\irlicht_projects\irrlicht-1.8.1\irrlicht-1.8.1\source\irrlicht\obj\debug\irrlicht.tlog\cl.command.1.tlog
c:\users\calvin\documents\irlicht_projects\irrlicht-1.8.1\irrlicht-1.8.1\source\irrlicht\obj\debug\irrlicht.tlog\cl.read.1.tlog
c:\users\calvin\documents\irlicht_projects\irrlicht-1.8.1\irrlicht-1.8.1\source\irrlicht\obj\debug\irrlicht.tlog\cl.write.1.tlog
c:\users\calvin\documents\irlicht_projects\irrlicht-1.8.1\irrlicht-1.8.1\source\irrlicht\obj\debug\irrlicht.tlog\irrlicht.write.1u.tlog
c:\users\calvin\documents\irlicht_projects\irrlicht-1.8.1\irrlicht-1.8.1\source\irrlicht\obj\debug\irrlicht.tlog\link.command.1.tlog
c:\users\calvin\documents\irlicht_projects\irrlicht-1.8.1\irrlicht-1.8.1\source\irrlicht\obj\debug\irrlicht.tlog\link.read.1.tlog
c:\users\calvin\documents\irlicht_projects\irrlicht-1.8.1\irrlicht-1.8.1\source\irrlicht\obj\debug\irrlicht.tlog\link.write.1.tlog
c:\users\calvin\documents\irlicht_projects\irrlicht-1.8.1\irrlicht-1.8.1\source\irrlicht\obj\debug\irrlicht.tlog\rc.command.1.tlog
c:\users\calvin\documents\irlicht_projects\irrlicht-1.8.1\irrlicht-1.8.1\source\irrlicht\obj\debug\irrlicht.tlog\rc.read.1.tlog
c:\users\calvin\documents\irlicht_projects\irrlicht-1.8.1\irrlicht-1.8.1\source\irrlicht\obj\debug\irrlicht.tlog\rc.write.1.tlog
